#
# There is insufficient memory for the Java Runtime Environment to continue.
# Native memory allocation (mmap) failed to map 65536 bytes for Failed to commit metaspace.
# Possible reasons:
#   The system is out of physical RAM or swap space
#   The process is running with CompressedOops enabled, and the Java Heap may be blocking the growth of the native heap
# Possible solutions:
#   Reduce memory load on the system
#   Increase physical memory or swap space
#   Check if swap backing store is full
#   Decrease Java heap size (-Xmx/-Xms)
#   Set larger code cache with -XX:ReservedCodeCacheSize=
#   JVM is running with Unscaled Compressed Oops mode in which the Java heap is
#     placed in the first 4GB address space. The Java Heap base address is the
#     maximum limit for the native heap growth. Please use -XX:HeapBaseMinAddress
#     to set the Java Heap base and to place the Java Heap above 4GB virtual address.
# This output file may be truncated or incomplete.
#
#  Out of Memory Error (virtualSpaceNode.cpp:110), pid=15852, tid=16612
#
# JRE version: OpenJDK Runtime Environment Temurin-17.0.7+7 (17.0.7+7) (build 17.0.7+7)
# Java VM: OpenJDK 64-Bit Server VM Temurin-17.0.7+7 (17.0.7+7, mixed mode, emulated-client, tiered, compressed oops, compressed class ptrs, g1 gc, windows-amd64)
# No core dump will be written. Minidumps are not enabled by default on client versions of Windows
#

---------------  S U M M A R Y ------------

Command Line: -Dcom.sun.management.jmxremote -Dcom.sun.management.jmxremote.port=50938 -Dcom.sun.management.jmxremote.authenticate=false -Dcom.sun.management.jmxremote.ssl=false -Djava.rmi.server.hostname=localhost -Dspring.jmx.enabled=true -Dmanagement.endpoints.jmx.exposure.include=* -Dspring.application.admin.enabled=true -XX:TieredStopAtLevel=1 -Dspring.boot.project.name=sisbanco-trans-reg -Dfile.encoding=UTF-8 -XX:+ShowCodeDetailsInExceptionMessages italo.sisbanco.trans.reg.SisbancoTransRegApplication --spring.output.ansi.enabled=always

Host: Intel(R) Core(TM) i5-8265U CPU @ 1.60GHz, 8 cores, 7G,  Windows 11 , 64 bit Build 22621 (10.0.22621.2506)
Time: Mon Nov 27 14:26:59 2023 Hora oficial do Brasil elapsed time: 9.023324 seconds (0d 0h 0m 9s)

---------------  T H R E A D  ---------------

Current thread (0x00000185f64bbf30):  JavaThread "main" [_thread_in_vm, id=16612, stack(0x0000008066d00000,0x0000008066e00000)]

Stack: [0x0000008066d00000,0x0000008066e00000]
Native frames: (J=compiled Java code, j=interpreted, Vv=VM code, C=native code)
V  [jvm.dll+0x67754a]
V  [jvm.dll+0x834304]
V  [jvm.dll+0x835aae]
V  [jvm.dll+0x836113]
V  [jvm.dll+0x24696f]
V  [jvm.dll+0x83039b]
V  [jvm.dll+0x61c006]
V  [jvm.dll+0x1c169e]
V  [jvm.dll+0x61e961]
V  [jvm.dll+0x61c9a6]
V  [jvm.dll+0x23c350]
V  [jvm.dll+0x1ebe5d]
V  [jvm.dll+0x1e1891]
V  [jvm.dll+0x53ea50]
V  [jvm.dll+0x7afc28]
V  [jvm.dll+0x7afd14]
V  [jvm.dll+0x40de05]
V  [jvm.dll+0x413f58]
C  [java.dll+0x17ec]

Java frames: (J=compiled Java code, j=interpreted, Vv=VM code)
J 1214  java.lang.ClassLoader.defineClass1(Ljava/lang/ClassLoader;Ljava/lang/String;[BIILjava/security/ProtectionDomain;Ljava/lang/String;)Ljava/lang/Class; java.base@17.0.7 (0 bytes) @ 0x00000185f9f4205b [0x00000185f9f41fa0+0x00000000000000bb]
J 1223 c1 java.lang.ClassLoader.defineClass(Ljava/lang/String;[BIILjava/security/ProtectionDomain;)Ljava/lang/Class; java.base@17.0.7 (43 bytes) @ 0x00000185f9f4915c [0x00000185f9f49060+0x00000000000000fc]
J 1232 c1 jdk.internal.loader.BuiltinClassLoader.defineClass(Ljava/lang/String;Ljdk/internal/loader/Resource;)Ljava/lang/Class; java.base@17.0.7 (121 bytes) @ 0x00000185f9f4fcc4 [0x00000185f9f4f820+0x00000000000004a4]
J 1217 c1 jdk.internal.loader.BuiltinClassLoader.findClassOnClassPathOrNull(Ljava/lang/String;)Ljava/lang/Class; java.base@17.0.7 (64 bytes) @ 0x00000185f9f48544 [0x00000185f9f482a0+0x00000000000002a4]
J 999 c1 jdk.internal.loader.BuiltinClassLoader.loadClassOrNull(Ljava/lang/String;Z)Ljava/lang/Class; java.base@17.0.7 (143 bytes) @ 0x00000185f9eeb7c4 [0x00000185f9eeb380+0x0000000000000444]
J 1163 c1 jdk.internal.loader.ClassLoaders$AppClassLoader.loadClass(Ljava/lang/String;Z)Ljava/lang/Class; java.base@17.0.7 (40 bytes) @ 0x00000185f9f32524 [0x00000185f9f323e0+0x0000000000000144]
J 1156 c1 java.lang.ClassLoader.loadClass(Ljava/lang/String;)Ljava/lang/Class; java.base@17.0.7 (7 bytes) @ 0x00000185f9f2f8e4 [0x00000185f9f2f8a0+0x0000000000000044]
v  ~StubRoutines::call_stub
J 1053  java.lang.Class.forName0(Ljava/lang/String;ZLjava/lang/ClassLoader;Ljava/lang/Class;)Ljava/lang/Class; java.base@17.0.7 (0 bytes) @ 0x00000185f9f018a7 [0x00000185f9f01820+0x0000000000000087]
J 1056 c1 java.lang.Class.forName(Ljava/lang/String;ZLjava/lang/ClassLoader;)Ljava/lang/Class; java.base@17.0.7 (47 bytes) @ 0x00000185f9f02834 [0x00000185f9f02740+0x00000000000000f4]
J 2479 c1 org.springframework.util.ClassUtils.forName(Ljava/lang/String;Ljava/lang/ClassLoader;)Ljava/lang/Class; (251 bytes) @ 0x00000185fa13117c [0x00000185fa130f00+0x000000000000027c]
j  org.springframework.core.io.support.SpringFactoriesLoader.instantiateFactory(Ljava/lang/String;Ljava/lang/Class;Lorg/springframework/core/io/support/SpringFactoriesLoader$ArgumentResolver;Lorg/springframework/core/io/support/SpringFactoriesLoader$FailureHandler;)Ljava/lang/Object;+5
j  org.springframework.core.io.support.SpringFactoriesLoader.load(Ljava/lang/Class;Lorg/springframework/core/io/support/SpringFactoriesLoader$ArgumentResolver;Lorg/springframework/core/io/support/SpringFactoriesLoader$FailureHandler;)Ljava/util/List;+99
j  org.springframework.boot.diagnostics.FailureAnalyzers.loadFailureAnalyzers(Lorg/springframework/context/ConfigurableApplicationContext;Lorg/springframework/core/io/support/SpringFactoriesLoader;)Ljava/util/List;+13
j  org.springframework.boot.diagnostics.FailureAnalyzers.<init>(Lorg/springframework/context/ConfigurableApplicationContext;Lorg/springframework/core/io/support/SpringFactoriesLoader;)V+15
j  org.springframework.boot.diagnostics.FailureAnalyzers.<init>(Lorg/springframework/context/ConfigurableApplicationContext;)V+19
v  ~StubRoutines::call_stub
J 1482  jdk.internal.reflect.NativeConstructorAccessorImpl.newInstance0(Ljava/lang/reflect/Constructor;[Ljava/lang/Object;)Ljava/lang/Object; java.base@17.0.7 (0 bytes) @ 0x00000185f9fad586 [0x00000185f9fad520+0x0000000000000066]
J 1481 c1 jdk.internal.reflect.NativeConstructorAccessorImpl.newInstance([Ljava/lang/Object;)Ljava/lang/Object; java.base@17.0.7 (122 bytes) @ 0x00000185f9fadd1c [0x00000185f9fada80+0x000000000000029c]
J 1337 c1 jdk.internal.reflect.DelegatingConstructorAccessorImpl.newInstance([Ljava/lang/Object;)Ljava/lang/Object; java.base@17.0.7 (9 bytes) @ 0x00000185f9f74264 [0x00000185f9f74220+0x0000000000000044]
J 1332 c1 java.lang.reflect.Constructor.newInstanceWithCaller([Ljava/lang/Object;ZLjava/lang/Class;)Ljava/lang/Object; java.base@17.0.7 (75 bytes) @ 0x00000185f9f72a2c [0x00000185f9f72960+0x00000000000000cc]
J 1351 c1 java.lang.reflect.Constructor.newInstance([Ljava/lang/Object;)Ljava/lang/Object; java.base@17.0.7 (34 bytes) @ 0x00000185f9f79acc [0x00000185f9f79a40+0x000000000000008c]
j  org.springframework.core.io.support.SpringFactoriesLoader$FactoryInstantiator.instantiate(Lorg/springframework/core/io/support/SpringFactoriesLoader$ArgumentResolver;)Ljava/lang/Object;+33
j  org.springframework.core.io.support.SpringFactoriesLoader.instantiateFactory(Ljava/lang/String;Ljava/lang/Class;Lorg/springframework/core/io/support/SpringFactoriesLoader$ArgumentResolver;Lorg/springframework/core/io/support/SpringFactoriesLoader$FailureHandler;)Ljava/lang/Object;+36
j  org.springframework.core.io.support.SpringFactoriesLoader.load(Ljava/lang/Class;Lorg/springframework/core/io/support/SpringFactoriesLoader$ArgumentResolver;Lorg/springframework/core/io/support/SpringFactoriesLoader$FailureHandler;)Ljava/util/List;+99
j  org.springframework.core.io.support.SpringFactoriesLoader.load(Ljava/lang/Class;Lorg/springframework/core/io/support/SpringFactoriesLoader$ArgumentResolver;)Ljava/util/List;+4
j  org.springframework.boot.SpringApplication.getSpringFactoriesInstances(Ljava/lang/Class;Lorg/springframework/core/io/support/SpringFactoriesLoader$ArgumentResolver;)Ljava/util/List;+9
j  org.springframework.boot.SpringApplication.getExceptionReporters(Lorg/springframework/context/ConfigurableApplicationContext;)Ljava/util/Collection;+12
j  org.springframework.boot.SpringApplication.handleRunFailure(Lorg/springframework/context/ConfigurableApplicationContext;Ljava/lang/Throwable;Lorg/springframework/boot/SpringApplicationRunListeners;)V+19
j  org.springframework.boot.SpringApplication.run([Ljava/lang/String;)Lorg/springframework/context/ConfigurableApplicationContext;+194
j  org.springframework.boot.SpringApplication.run([Ljava/lang/Class;[Ljava/lang/String;)Lorg/springframework/context/ConfigurableApplicationContext;+9
j  org.springframework.boot.SpringApplication.run(Ljava/lang/Class;[Ljava/lang/String;)Lorg/springframework/context/ConfigurableApplicationContext;+9
j  italo.sisbanco.trans.reg.SisbancoTransRegApplication.main([Ljava/lang/String;)V+3
v  ~StubRoutines::call_stub

---------------  P R O C E S S  ---------------

Threads class SMR info:
_java_thread_list=0x0000018589c48460, length=20, elements={
0x00000185f64bbf30, 0x0000018584290a90, 0x0000018584291b80, 0x00000185842df290,
0x00000185842e0010, 0x00000185842e2d90, 0x00000185842e48b0, 0x00000185842e5260,
0x00000185842f1560, 0x0000018584347430, 0x0000018584219410, 0x0000018584219920,
0x00000185844907b0, 0x0000018584c4d820, 0x0000018584c4c360, 0x0000018584e10e00,
0x0000018589529300, 0x0000018589558790, 0x0000018589558c60, 0x00000185895b47a0
}

Java Threads: ( => current thread )
=>0x00000185f64bbf30 JavaThread "main" [_thread_in_vm, id=16612, stack(0x0000008066d00000,0x0000008066e00000)]
  0x0000018584290a90 JavaThread "Reference Handler" daemon [_thread_blocked, id=17036, stack(0x0000008067400000,0x0000008067500000)]
  0x0000018584291b80 JavaThread "Finalizer" daemon [_thread_blocked, id=17908, stack(0x0000008067500000,0x0000008067600000)]
  0x00000185842df290 JavaThread "Signal Dispatcher" daemon [_thread_blocked, id=20064, stack(0x0000008067600000,0x0000008067700000)]
  0x00000185842e0010 JavaThread "Attach Listener" daemon [_thread_blocked, id=1388, stack(0x0000008067700000,0x0000008067800000)]
  0x00000185842e2d90 JavaThread "Service Thread" daemon [_thread_blocked, id=18368, stack(0x0000008067800000,0x0000008067900000)]
  0x00000185842e48b0 JavaThread "Monitor Deflation Thread" daemon [_thread_blocked, id=6848, stack(0x0000008067900000,0x0000008067a00000)]
  0x00000185842e5260 JavaThread "C1 CompilerThread0" daemon [_thread_blocked, id=17896, stack(0x0000008067a00000,0x0000008067b00000)]
  0x00000185842f1560 JavaThread "Sweeper thread" daemon [_thread_blocked, id=8644, stack(0x0000008067b00000,0x0000008067c00000)]
  0x0000018584347430 JavaThread "Common-Cleaner" daemon [_thread_blocked, id=21956, stack(0x0000008067c00000,0x0000008067d00000)]
  0x0000018584219410 JavaThread "C1 CompilerThread1" daemon [_thread_blocked, id=19752, stack(0x0000008067d00000,0x0000008067e00000)]
  0x0000018584219920 JavaThread "C1 CompilerThread2" daemon [_thread_blocked, id=5108, stack(0x0000008067e00000,0x0000008067f00000)]
  0x00000185844907b0 JavaThread "Notification Thread" daemon [_thread_blocked, id=23048, stack(0x0000008067f00000,0x0000008068000000)]
  0x0000018584c4d820 JavaThread "RMI TCP Accept-0" daemon [_thread_in_native, id=7128, stack(0x0000008068000000,0x0000008068100000)]
  0x0000018584c4c360 JavaThread "RMI TCP Accept-50938" daemon [_thread_in_native, id=16184, stack(0x0000008068100000,0x0000008068200000)]
  0x0000018584e10e00 JavaThread "RMI TCP Accept-0" daemon [_thread_in_native, id=15164, stack(0x0000008068200000,0x0000008068300000)]
  0x0000018589529300 JavaThread "RMI TCP Connection(1)-127.0.0.1" daemon [_thread_in_native, id=10732, stack(0x0000008068d00000,0x0000008068e00000)]
  0x0000018589558790 JavaThread "RMI Scheduler(0)" daemon [_thread_blocked, id=17628, stack(0x0000008068e00000,0x0000008068f00000)]
  0x0000018589558c60 JavaThread "RMI TCP Connection(2)-127.0.0.1" daemon [_thread_in_native, id=4584, stack(0x0000008068f00000,0x0000008069000000)]
  0x00000185895b47a0 JavaThread "JMX server connection timeout 22" daemon [_thread_blocked, id=13764, stack(0x0000008069000000,0x0000008069100000)]

Other Threads:
  0x000001858428dd80 VMThread "VM Thread" [stack: 0x0000008067300000,0x0000008067400000] [id=9684]
  0x00000185f6532cd0 WatcherThread [stack: 0x0000008068300000,0x0000008068400000] [id=7676]
  0x00000185f6515bd0 GCTaskThread "GC Thread#0" [stack: 0x0000008066e00000,0x0000008066f00000] [id=3716]
  0x0000018584fb3320 GCTaskThread "GC Thread#1" [stack: 0x0000008068400000,0x0000008068500000] [id=12444]
  0x0000018584fb35d0 GCTaskThread "GC Thread#2" [stack: 0x0000008068500000,0x0000008068600000] [id=4888]
  0x000001858952a020 GCTaskThread "GC Thread#3" [stack: 0x0000008068600000,0x0000008068700000] [id=14836]
  0x0000018589542fc0 GCTaskThread "GC Thread#4" [stack: 0x0000008068700000,0x0000008068800000] [id=5916]
  0x0000018589543270 GCTaskThread "GC Thread#5" [stack: 0x0000008068800000,0x0000008068900000] [id=20224]
  0x0000018589578fb0 GCTaskThread "GC Thread#6" [stack: 0x0000008068900000,0x0000008068a00000] [id=24156]
  0x0000018589579260 GCTaskThread "GC Thread#7" [stack: 0x0000008068a00000,0x0000008068b00000] [id=6584]
  0x00000185f6526ef0 ConcurrentGCThread "G1 Main Marker" [stack: 0x0000008066f00000,0x0000008067000000] [id=23992]
  0x00000185f6527900 ConcurrentGCThread "G1 Conc#0" [stack: 0x0000008067000000,0x0000008067100000] [id=22736]
  0x0000018589711350 ConcurrentGCThread "G1 Conc#1" [stack: 0x0000008069200000,0x0000008069300000] [id=23560]
  0x00000185f656e600 ConcurrentGCThread "G1 Refine#0" [stack: 0x0000008067100000,0x0000008067200000] [id=19672]
  0x0000018589579b20 ConcurrentGCThread "G1 Refine#1" [stack: 0x0000008068b00000,0x0000008068c00000] [id=2356]
  0x0000018589529020 ConcurrentGCThread "G1 Refine#2" [stack: 0x0000008068c00000,0x0000008068d00000] [id=23936]
  0x00000185840e5650 ConcurrentGCThread "G1 Service" [stack: 0x0000008067200000,0x0000008067300000] [id=12764]

Threads with active compile tasks:

VM state: not at safepoint (normal execution)

VM Mutex/Monitor currently owned by a thread:  ([mutex/lock_event])
[0x00000185f64b46a0] Metaspace_lock - owner thread: 0x00000185f64bbf30

OutOfMemory and StackOverflow Exception counts:
OutOfMemoryError java_heap_errors=2
LinkageErrors=107

Heap address: 0x0000000081e00000, size: 2018 MB, Compressed Oops mode: 32-bit

CDS archive(s) not mapped
Compressed class space mapped at: 0x0000000100000000-0x0000000140000000, reserved size: 1073741824
Narrow klass base: 0x0000000000000000, Narrow klass shift: 3, Narrow klass range: 0x140000000

GC Precious Log:
 CPUs: 8 total, 8 available
 Memory: 8066M
 Large Page Support: Disabled
 NUMA Support: Disabled
 Compressed Oops: Enabled (32-bit)
 Heap Region Size: 1M
 Heap Min Capacity: 8M
 Heap Initial Capacity: 128M
 Heap Max Capacity: 2018M
 Pre-touch: Disabled
 Parallel Workers: 8
 Concurrent Workers: 2
 Concurrent Refinement Workers: 8
 Periodic GC: Disabled

Heap:
 garbage-first heap   total 61440K, used 36365K [0x0000000081e00000, 0x0000000100000000)
  region size 1024K, 19 young (19456K), 4 survivors (4096K)
 Metaspace       used 48222K, committed 48704K, reserved 1114112K
  class space    used 6362K, committed 6592K, reserved 1048576K

Heap Regions: E=young(eden), S=young(survivor), O=old, HS=humongous(starts), HC=humongous(continues), CS=collection set, F=free, OA=open archive, CA=closed archive, TAMS=top-at-mark-start (previous, next)
|   0|0x0000000081e00000, 0x0000000081f00000, 0x0000000081f00000|100%|HS|  |TAMS 0x0000000081f00000, 0x0000000081e00000| Complete 
|   1|0x0000000081f00000, 0x0000000082000000, 0x0000000082000000|100%| O|  |TAMS 0x0000000082000000, 0x0000000081f00000| Untracked 
|   2|0x0000000082000000, 0x0000000082100000, 0x0000000082100000|100%| O|  |TAMS 0x0000000082100000, 0x0000000082000000| Untracked 
|   3|0x0000000082100000, 0x0000000082200000, 0x0000000082200000|100%| O|  |TAMS 0x0000000082200000, 0x0000000082100000| Untracked 
|   4|0x0000000082200000, 0x0000000082300000, 0x0000000082300000|100%| O|  |TAMS 0x0000000082300000, 0x0000000082200000| Untracked 
|   5|0x0000000082300000, 0x0000000082400000, 0x0000000082400000|100%| O|  |TAMS 0x0000000082400000, 0x0000000082300000| Untracked 
|   6|0x0000000082400000, 0x0000000082500000, 0x0000000082500000|100%| O|  |TAMS 0x0000000082500000, 0x0000000082400000| Untracked 
|   7|0x0000000082500000, 0x0000000082600000, 0x0000000082600000|100%| O|  |TAMS 0x0000000082600000, 0x0000000082500000| Untracked 
|   8|0x0000000082600000, 0x0000000082700000, 0x0000000082700000|100%| O|  |TAMS 0x0000000082700000, 0x0000000082600000| Untracked 
|   9|0x0000000082700000, 0x0000000082800000, 0x0000000082800000|100%| O|  |TAMS 0x0000000082800000, 0x0000000082700000| Untracked 
|  10|0x0000000082800000, 0x0000000082900000, 0x0000000082900000|100%| O|  |TAMS 0x0000000082900000, 0x0000000082800000| Untracked 
|  11|0x0000000082900000, 0x0000000082a00000, 0x0000000082a00000|100%| O|  |TAMS 0x0000000082a00000, 0x0000000082900000| Untracked 
|  12|0x0000000082a00000, 0x0000000082b00000, 0x0000000082b00000|100%| O|  |TAMS 0x0000000082b00000, 0x0000000082a00000| Untracked 
|  13|0x0000000082b00000, 0x0000000082c00000, 0x0000000082c00000|100%| O|  |TAMS 0x0000000082c00000, 0x0000000082b00000| Untracked 
|  14|0x0000000082c00000, 0x0000000082d00000, 0x0000000082d00000|100%| O|  |TAMS 0x0000000082d00000, 0x0000000082c00000| Untracked 
|  15|0x0000000082d00000, 0x0000000082de0a00, 0x0000000082e00000| 87%| O|  |TAMS 0x0000000082de0a00, 0x0000000082d00000| Untracked 
|  16|0x0000000082e00000, 0x0000000082e00000, 0x0000000082f00000|  0%| F|  |TAMS 0x0000000082e00000, 0x0000000082e00000| Untracked 
|  17|0x0000000082f00000, 0x0000000083000000, 0x0000000083000000|100%| O|  |TAMS 0x0000000082f00000, 0x0000000082f00000| Untracked 
|  18|0x0000000083000000, 0x0000000083100000, 0x0000000083100000|100%| O|  |TAMS 0x0000000083000000, 0x0000000083000000| Untracked 
|  19|0x0000000083100000, 0x00000000831ff800, 0x0000000083200000| 99%| O|  |TAMS 0x0000000083100000, 0x0000000083100000| Untracked 
|  20|0x0000000083200000, 0x0000000083200000, 0x0000000083300000|  0%| F|  |TAMS 0x0000000083200000, 0x0000000083200000| Untracked 
|  21|0x0000000083300000, 0x0000000083300000, 0x0000000083400000|  0%| F|  |TAMS 0x0000000083300000, 0x0000000083300000| Untracked 
|  22|0x0000000083400000, 0x0000000083400000, 0x0000000083500000|  0%| F|  |TAMS 0x0000000083400000, 0x0000000083400000| Untracked 
|  23|0x0000000083500000, 0x0000000083500000, 0x0000000083600000|  0%| F|  |TAMS 0x0000000083500000, 0x0000000083500000| Untracked 
|  24|0x0000000083600000, 0x0000000083600000, 0x0000000083700000|  0%| F|  |TAMS 0x0000000083600000, 0x0000000083600000| Untracked 
|  25|0x0000000083700000, 0x0000000083700000, 0x0000000083800000|  0%| F|  |TAMS 0x0000000083700000, 0x0000000083700000| Untracked 
|  26|0x0000000083800000, 0x0000000083800000, 0x0000000083900000|  0%| F|  |TAMS 0x0000000083800000, 0x0000000083800000| Untracked 
|  27|0x0000000083900000, 0x00000000839a33c8, 0x0000000083a00000| 63%| S|CS|TAMS 0x0000000083900000, 0x0000000083900000| Complete 
|  28|0x0000000083a00000, 0x0000000083b00000, 0x0000000083b00000|100%| S|CS|TAMS 0x0000000083a00000, 0x0000000083a00000| Complete 
|  29|0x0000000083b00000, 0x0000000083c00000, 0x0000000083c00000|100%| S|CS|TAMS 0x0000000083b00000, 0x0000000083b00000| Complete 
|  30|0x0000000083c00000, 0x0000000083d00000, 0x0000000083d00000|100%| S|CS|TAMS 0x0000000083c00000, 0x0000000083c00000| Complete 
|  31|0x0000000083d00000, 0x0000000083d00000, 0x0000000083e00000|  0%| F|  |TAMS 0x0000000083d00000, 0x0000000083d00000| Untracked 
|  32|0x0000000083e00000, 0x0000000083e00000, 0x0000000083f00000|  0%| F|  |TAMS 0x0000000083e00000, 0x0000000083e00000| Untracked 
|  33|0x0000000083f00000, 0x0000000083f00000, 0x0000000084000000|  0%| F|  |TAMS 0x0000000083f00000, 0x0000000083f00000| Untracked 
|  34|0x0000000084000000, 0x0000000084000000, 0x0000000084100000|  0%| F|  |TAMS 0x0000000084000000, 0x0000000084000000| Untracked 
|  35|0x0000000084100000, 0x0000000084100000, 0x0000000084200000|  0%| F|  |TAMS 0x0000000084100000, 0x0000000084100000| Untracked 
|  36|0x0000000084200000, 0x0000000084200000, 0x0000000084300000|  0%| F|  |TAMS 0x0000000084200000, 0x0000000084200000| Untracked 
|  37|0x0000000084300000, 0x0000000084300000, 0x0000000084400000|  0%| F|  |TAMS 0x0000000084300000, 0x0000000084300000| Untracked 
|  38|0x0000000084400000, 0x0000000084400000, 0x0000000084500000|  0%| F|  |TAMS 0x0000000084400000, 0x0000000084400000| Untracked 
|  39|0x0000000084500000, 0x0000000084500000, 0x0000000084600000|  0%| F|  |TAMS 0x0000000084500000, 0x0000000084500000| Untracked 
|  40|0x0000000084600000, 0x0000000084600000, 0x0000000084700000|  0%| F|  |TAMS 0x0000000084600000, 0x0000000084600000| Untracked 
|  41|0x0000000084700000, 0x0000000084700000, 0x0000000084800000|  0%| F|  |TAMS 0x0000000084700000, 0x0000000084700000| Untracked 
|  42|0x0000000084800000, 0x0000000084800000, 0x0000000084900000|  0%| F|  |TAMS 0x0000000084800000, 0x0000000084800000| Untracked 
|  43|0x0000000084900000, 0x0000000084900000, 0x0000000084a00000|  0%| F|  |TAMS 0x0000000084900000, 0x0000000084900000| Untracked 
|  44|0x0000000084a00000, 0x0000000084a00000, 0x0000000084b00000|  0%| F|  |TAMS 0x0000000084a00000, 0x0000000084a00000| Untracked 
|  45|0x0000000084b00000, 0x0000000084c00000, 0x0000000084c00000|100%| E|  |TAMS 0x0000000084b00000, 0x0000000084b00000| Complete 
|  46|0x0000000084c00000, 0x0000000084d00000, 0x0000000084d00000|100%| E|CS|TAMS 0x0000000084c00000, 0x0000000084c00000| Complete 
|  47|0x0000000084d00000, 0x0000000084e00000, 0x0000000084e00000|100%| E|CS|TAMS 0x0000000084d00000, 0x0000000084d00000| Complete 
|  48|0x0000000084e00000, 0x0000000084f00000, 0x0000000084f00000|100%| E|CS|TAMS 0x0000000084e00000, 0x0000000084e00000| Complete 
|  49|0x0000000084f00000, 0x0000000085000000, 0x0000000085000000|100%| E|CS|TAMS 0x0000000084f00000, 0x0000000084f00000| Complete 
|  50|0x0000000085000000, 0x0000000085100000, 0x0000000085100000|100%| E|CS|TAMS 0x0000000085000000, 0x0000000085000000| Complete 
|  51|0x0000000085100000, 0x0000000085200000, 0x0000000085200000|100%| E|CS|TAMS 0x0000000085100000, 0x0000000085100000| Complete 
|  52|0x0000000085200000, 0x0000000085300000, 0x0000000085300000|100%| E|CS|TAMS 0x0000000085200000, 0x0000000085200000| Complete 
|  53|0x0000000085300000, 0x0000000085400000, 0x0000000085400000|100%| E|CS|TAMS 0x0000000085300000, 0x0000000085300000| Complete 
|  54|0x0000000085400000, 0x0000000085500000, 0x0000000085500000|100%| E|CS|TAMS 0x0000000085400000, 0x0000000085400000| Complete 
|  55|0x0000000085500000, 0x0000000085600000, 0x0000000085600000|100%| E|CS|TAMS 0x0000000085500000, 0x0000000085500000| Complete 
|  56|0x0000000085600000, 0x0000000085700000, 0x0000000085700000|100%| E|CS|TAMS 0x0000000085600000, 0x0000000085600000| Complete 
|  57|0x0000000085700000, 0x0000000085800000, 0x0000000085800000|100%| E|CS|TAMS 0x0000000085700000, 0x0000000085700000| Complete 
| 119|0x0000000089500000, 0x0000000089600000, 0x0000000089600000|100%| E|CS|TAMS 0x0000000089500000, 0x0000000089500000| Complete 
| 127|0x0000000089d00000, 0x0000000089dfff90, 0x0000000089e00000| 99%| E|  |TAMS 0x0000000089d00000, 0x0000000089d00000| Complete 

Card table byte_map: [0x00000185fd070000,0x00000185fd470000] _byte_map_base: 0x00000185fcc61000

Marking Bits (Prev, Next): (CMBitMap*) 0x00000185f65161e0, (CMBitMap*) 0x00000185f6516220
 Prev Bits: [0x00000185fd870000, 0x00000185ff7f8000)
 Next Bits: [0x0000018580000000, 0x0000018581f88000)

Polling page: 0x00000185f5c70000

Metaspace:

Usage:
  Non-class:     40.88 MB used.
      Class:      6.21 MB used.
       Both:     47.09 MB used.

Virtual space:
  Non-class space:       64.00 MB reserved,      41.12 MB ( 64%) committed,  1 nodes.
      Class space:        1.00 GB reserved,       6.44 MB ( <1%) committed,  1 nodes.
             Both:        1.06 GB reserved,      47.56 MB (  4%) committed. 

Chunk freelists:
   Non-Class:  6.80 MB
       Class:  9.42 MB
        Both:  16.22 MB

MaxMetaspaceSize: unlimited
CompressedClassSpaceSize: 1.00 GB
Initial GC threshold: 21.00 MB
Current GC threshold: 59.06 MB
CDS: off
MetaspaceReclaimPolicy: balanced
 - commit_granule_bytes: 65536.
 - commit_granule_words: 8192.
 - virtual_space_node_default_size: 8388608.
 - enlarge_chunks_in_place: 1.
 - new_chunks_are_fully_committed: 0.
 - uncommit_free_chunks: 1.
 - use_allocation_guard: 0.
 - handle_deallocations: 1.


Internal statistics:

num_allocs_failed_limit: 8.
num_arena_births: 650.
num_arena_deaths: 0.
num_vsnodes_births: 2.
num_vsnodes_deaths: 0.
num_space_committed: 761.
num_space_uncommitted: 0.
num_chunks_returned_to_freelist: 8.
num_chunks_taken_from_freelist: 2123.
num_chunk_merges: 8.
num_chunk_splits: 1471.
num_chunks_enlarged: 1063.
num_inconsistent_stats: 0.

CodeCache: size=49152Kb used=9151Kb max_used=9151Kb free=40000Kb
 bounds [0x00000185f9b60000, 0x00000185fa450000, 0x00000185fcb60000]
 total_blobs=4951 nmethods=4382 adapters=494
 compilation: disabled (not enough contiguous free space left)
              stopped_count=1, restarted_count=0
 full_count=1

Compilation events (20 events):
Event: 8.731 Thread 0x00000185842e5260 4374       1       com.sun.jmx.mbeanserver.MXBeanIntrospector::canUseOpenInfo (71 bytes)
Event: 8.732 Thread 0x00000185842e5260 nmethod 4374 0x00000185fa44ad90 code [0x00000185fa44af80, 0x00000185fa44b368]
Event: 8.732 Thread 0x0000018584219410 nmethod 4372 0x00000185fa44b510 code [0x00000185fa44b720, 0x00000185fa44bc58]
Event: 8.732 Thread 0x00000185842e5260 4375       1       javax.management.ImmutableDescriptor::<init> (10 bytes)
Event: 8.732 Thread 0x00000185842e5260 nmethod 4375 0x00000185fa44bf10 code [0x00000185fa44c0c0, 0x00000185fa44c1b8]
Event: 8.733 Thread 0x00000185842e5260 4376       1       java.lang.invoke.LambdaForm$MH/0x00000001000c4000::invoke (27 bytes)
Event: 8.733 Thread 0x0000018584219410 4377       1       java.lang.invoke.LambdaForm$MH/0x00000001000c4400::invoke (75 bytes)
Event: 8.733 Thread 0x00000185842e5260 nmethod 4376 0x00000185fa44c290 code [0x00000185fa44c440, 0x00000185fa44c598]
Event: 8.733 Thread 0x00000185842e5260 4378       1       java.lang.reflect.Constructor::getParameterTypes (11 bytes)
Event: 8.733 Thread 0x0000018584219410 nmethod 4377 0x00000185fa44c690 code [0x00000185fa44c860, 0x00000185fa44cae8]
Event: 8.733 Thread 0x0000018584219410 4379       1       javax.management.MBeanParameterInfo::<init> (14 bytes)
Event: 8.734 Thread 0x00000185842e5260 nmethod 4378 0x00000185fa44cd10 code [0x00000185fa44cea0, 0x00000185fa44cfc8]
Event: 8.734 Thread 0x00000185842e5260 4381       1       com.sun.jmx.mbeanserver.Introspector::descriptorForElement (20 bytes)
Event: 8.734 Thread 0x0000018584219920 nmethod 4373 0x00000185fa44d090 code [0x00000185fa44d400, 0x00000185fa44e3a8]
Event: 8.734 Thread 0x0000018584219920 4380       1       java.lang.reflect.Constructor::getAnnotationBytes (5 bytes)
Event: 8.734 Thread 0x0000018584219920 nmethod 4380 0x00000185fa44f010 code [0x00000185fa44f1a0, 0x00000185fa44f278]
Event: 8.734 Thread 0x00000185842e5260 nmethod 4381 0x00000185fa44f310 code [0x00000185fa44f4c0, 0x00000185fa44f5d8]
Event: 8.734 Thread 0x0000018584219410 nmethod 4379 0x00000185fa44f690 code [0x00000185fa44f820, 0x00000185fa44fa58]
Event: 8.743 Thread 0x0000018584219410 4382   !   1       java.util.concurrent.ConcurrentHashMap::transfer (849 bytes)
Event: 8.746 Thread 0x0000018584219410 


GC Heap History (20 events):
Event: 3.869 GC heap before
{Heap before GC invocations=5 (full 0):
 garbage-first heap   total 40960K, used 12466K [0x0000000081e00000, 0x0000000100000000)
  region size 1024K, 4 young (4096K), 3 survivors (3072K)
 Metaspace       used 24398K, committed 24768K, reserved 1114112K
  class space    used 3040K, committed 3200K, reserved 1048576K
}
Event: 3.873 GC heap after
{Heap after GC invocations=6 (full 0):
 garbage-first heap   total 40960K, used 11568K [0x0000000081e00000, 0x0000000100000000)
  region size 1024K, 1 young (1024K), 1 survivors (1024K)
 Metaspace       used 24398K, committed 24768K, reserved 1114112K
  class space    used 3040K, committed 3200K, reserved 1048576K
}
Event: 4.232 GC heap before
{Heap before GC invocations=6 (full 0):
 garbage-first heap   total 40960K, used 26928K [0x0000000081e00000, 0x0000000100000000)
  region size 1024K, 17 young (17408K), 1 survivors (1024K)
 Metaspace       used 26768K, committed 27072K, reserved 1114112K
  class space    used 3283K, committed 3456K, reserved 1048576K
}
Event: 4.235 GC heap after
{Heap after GC invocations=7 (full 0):
 garbage-first heap   total 40960K, used 12727K [0x0000000081e00000, 0x0000000100000000)
  region size 1024K, 2 young (2048K), 2 survivors (2048K)
 Metaspace       used 26768K, committed 27072K, reserved 1114112K
  class space    used 3283K, committed 3456K, reserved 1048576K
}
Event: 4.697 GC heap before
{Heap before GC invocations=7 (full 0):
 garbage-first heap   total 40960K, used 28087K [0x0000000081e00000, 0x0000000100000000)
  region size 1024K, 18 young (18432K), 2 survivors (2048K)
 Metaspace       used 29697K, committed 30080K, reserved 1114112K
  class space    used 3604K, committed 3776K, reserved 1048576K
}
Event: 4.701 GC heap after
{Heap after GC invocations=8 (full 0):
 garbage-first heap   total 40960K, used 13651K [0x0000000081e00000, 0x0000000100000000)
  region size 1024K, 1 young (1024K), 1 survivors (1024K)
 Metaspace       used 29697K, committed 30080K, reserved 1114112K
  class space    used 3604K, committed 3776K, reserved 1048576K
}
Event: 5.081 GC heap before
{Heap before GC invocations=8 (full 0):
 garbage-first heap   total 40960K, used 30035K [0x0000000081e00000, 0x0000000100000000)
  region size 1024K, 17 young (17408K), 1 survivors (1024K)
 Metaspace       used 32301K, committed 32640K, reserved 1114112K
  class space    used 3945K, committed 4096K, reserved 1048576K
}
Event: 5.086 GC heap after
{Heap after GC invocations=9 (full 0):
 garbage-first heap   total 40960K, used 15078K [0x0000000081e00000, 0x0000000100000000)
  region size 1024K, 3 young (3072K), 3 survivors (3072K)
 Metaspace       used 32301K, committed 32640K, reserved 1114112K
  class space    used 3945K, committed 4096K, reserved 1048576K
}
Event: 5.497 GC heap before
{Heap before GC invocations=9 (full 0):
 garbage-first heap   total 40960K, used 30438K [0x0000000081e00000, 0x0000000100000000)
  region size 1024K, 18 young (18432K), 3 survivors (3072K)
 Metaspace       used 33546K, committed 33856K, reserved 1114112K
  class space    used 4120K, committed 4224K, reserved 1048576K
}
Event: 5.506 GC heap after
{Heap after GC invocations=10 (full 0):
 garbage-first heap   total 40960K, used 16246K [0x0000000081e00000, 0x0000000100000000)
  region size 1024K, 2 young (2048K), 2 survivors (2048K)
 Metaspace       used 33546K, committed 33856K, reserved 1114112K
  class space    used 4120K, committed 4224K, reserved 1048576K
}
Event: 5.917 GC heap before
{Heap before GC invocations=10 (full 0):
 garbage-first heap   total 40960K, used 30582K [0x0000000081e00000, 0x0000000100000000)
  region size 1024K, 16 young (16384K), 2 survivors (2048K)
 Metaspace       used 35547K, committed 35840K, reserved 1114112K
  class space    used 4371K, committed 4480K, reserved 1048576K
}
Event: 5.924 GC heap after
{Heap after GC invocations=11 (full 0):
 garbage-first heap   total 65536K, used 17166K [0x0000000081e00000, 0x0000000100000000)
  region size 1024K, 1 young (1024K), 1 survivors (1024K)
 Metaspace       used 35547K, committed 35840K, reserved 1114112K
  class space    used 4371K, committed 4480K, reserved 1048576K
}
Event: 5.973 GC heap before
{Heap before GC invocations=11 (full 0):
 garbage-first heap   total 65536K, used 18190K [0x0000000081e00000, 0x0000000100000000)
  region size 1024K, 3 young (3072K), 1 survivors (1024K)
 Metaspace       used 35827K, committed 36096K, reserved 1114112K
  class space    used 4437K, committed 4544K, reserved 1048576K
}
Event: 5.977 GC heap after
{Heap after GC invocations=12 (full 0):
 garbage-first heap   total 65536K, used 17186K [0x0000000081e00000, 0x0000000100000000)
  region size 1024K, 1 young (1024K), 1 survivors (1024K)
 Metaspace       used 35827K, committed 36096K, reserved 1114112K
  class space    used 4437K, committed 4544K, reserved 1048576K
}
Event: 7.101 GC heap before
{Heap before GC invocations=13 (full 0):
 garbage-first heap   total 61440K, used 50978K [0x0000000081e00000, 0x0000000100000000)
  region size 1024K, 34 young (34816K), 1 survivors (1024K)
 Metaspace       used 40230K, committed 40640K, reserved 1114112K
  class space    used 5196K, committed 5376K, reserved 1048576K
}
Event: 7.111 GC heap after
{Heap after GC invocations=14 (full 0):
 garbage-first heap   total 61440K, used 19416K [0x0000000081e00000, 0x0000000100000000)
  region size 1024K, 4 young (4096K), 4 survivors (4096K)
 Metaspace       used 40230K, committed 40640K, reserved 1114112K
  class space    used 5196K, committed 5376K, reserved 1048576K
}
Event: 8.057 GC heap before
{Heap before GC invocations=14 (full 0):
 garbage-first heap   total 61440K, used 48088K [0x0000000081e00000, 0x0000000100000000)
  region size 1024K, 31 young (31744K), 4 survivors (4096K)
 Metaspace       used 43601K, committed 44096K, reserved 1114112K
  class space    used 5668K, committed 5888K, reserved 1048576K
}
Event: 8.070 GC heap after
{Heap after GC invocations=15 (full 0):
 garbage-first heap   total 61440K, used 21372K [0x0000000081e00000, 0x0000000100000000)
  region size 1024K, 2 young (2048K), 2 survivors (2048K)
 Metaspace       used 43601K, committed 44096K, reserved 1114112K
  class space    used 5668K, committed 5888K, reserved 1048576K
}
Event: 8.651 GC heap before
{Heap before GC invocations=15 (full 0):
 garbage-first heap   total 61440K, used 47996K [0x0000000081e00000, 0x0000000100000000)
  region size 1024K, 29 young (29696K), 2 survivors (2048K)
 Metaspace       used 45770K, committed 46272K, reserved 1114112K
  class space    used 6015K, committed 6272K, reserved 1048576K
}
Event: 8.655 GC heap after
{Heap after GC invocations=16 (full 0):
 garbage-first heap   total 61440K, used 23053K [0x0000000081e00000, 0x0000000100000000)
  region size 1024K, 4 young (4096K), 4 survivors (4096K)
 Metaspace       used 45770K, committed 46272K, reserved 1114112K
  class space    used 6015K, committed 6272K, reserved 1048576K
}

Dll operation events (8 events):
Event: 0.013 Loaded shared library C:\Users\italo\softwares\sts-4.18.1.RELEASE\plugins\org.eclipse.justj.openjdk.hotspot.jre.full.win32.x86_64_17.0.7.v20230425-1502\jre\bin\java.dll
Event: 0.395 Loaded shared library C:\Users\italo\softwares\sts-4.18.1.RELEASE\plugins\org.eclipse.justj.openjdk.hotspot.jre.full.win32.x86_64_17.0.7.v20230425-1502\jre\bin\jimage.dll
Event: 0.434 Loaded shared library C:\Users\italo\softwares\sts-4.18.1.RELEASE\plugins\org.eclipse.justj.openjdk.hotspot.jre.full.win32.x86_64_17.0.7.v20230425-1502\jre\bin\net.dll
Event: 0.437 Loaded shared library C:\Users\italo\softwares\sts-4.18.1.RELEASE\plugins\org.eclipse.justj.openjdk.hotspot.jre.full.win32.x86_64_17.0.7.v20230425-1502\jre\bin\nio.dll
Event: 0.448 Loaded shared library C:\Users\italo\softwares\sts-4.18.1.RELEASE\plugins\org.eclipse.justj.openjdk.hotspot.jre.full.win32.x86_64_17.0.7.v20230425-1502\jre\bin\zip.dll
Event: 0.616 Loaded shared library C:\Users\italo\softwares\sts-4.18.1.RELEASE\plugins\org.eclipse.justj.openjdk.hotspot.jre.full.win32.x86_64_17.0.7.v20230425-1502\jre\bin\management.dll
Event: 0.647 Loaded shared library C:\Users\italo\softwares\sts-4.18.1.RELEASE\plugins\org.eclipse.justj.openjdk.hotspot.jre.full.win32.x86_64_17.0.7.v20230425-1502\jre\bin\management_ext.dll
Event: 5.038 Loaded shared library C:\Users\italo\softwares\sts-4.18.1.RELEASE\plugins\org.eclipse.justj.openjdk.hotspot.jre.full.win32.x86_64_17.0.7.v20230425-1502\jre\bin\sunmscapi.dll

Deoptimization events (10 events):
Event: 3.156 Thread 0x00000185f64bbf30 DEOPT PACKING pc=0x00000185fa091099 sp=0x0000008066dfd6e0
Event: 3.156 Thread 0x00000185f64bbf30 DEOPT UNPACKING pc=0x00000185f9bb7143 sp=0x0000008066dfcbc0 mode 3
Event: 3.915 Thread 0x00000185f64bbf30 DEOPT PACKING pc=0x00000185fa0eae55 sp=0x0000008066dfdbd0
Event: 3.915 Thread 0x00000185f64bbf30 DEOPT UNPACKING pc=0x00000185f9bb7143 sp=0x0000008066dfd078 mode 3
Event: 6.724 Thread 0x00000185f64bbf30 DEOPT PACKING pc=0x00000185fa32f519 sp=0x0000008066dfe1b0
Event: 6.724 Thread 0x00000185f64bbf30 DEOPT UNPACKING pc=0x00000185f9bb7143 sp=0x0000008066dfd690 mode 3
Event: 8.357 Thread 0x00000185f64bbf30 DEOPT PACKING pc=0x00000185fa3e187d sp=0x0000008066dfc8f0
Event: 8.357 Thread 0x00000185f64bbf30 DEOPT UNPACKING pc=0x00000185f9bb7143 sp=0x0000008066dfbe58 mode 3
Event: 8.743 Thread 0x00000185f64bbf30 DEOPT PACKING pc=0x00000185fa0fa3c2 sp=0x0000008066dfbef0
Event: 8.743 Thread 0x00000185f64bbf30 DEOPT UNPACKING pc=0x00000185f9bb7143 sp=0x0000008066dfb3f8 mode 3

Classes unloaded (0 events):
No events

Classes redefined (0 events):
No events

Internal exceptions (20 events):
Event: 7.658 Thread 0x0000018589558c60 Exception <a 'java/lang/reflect/InvocationTargetException'{0x0000000084af4ec0}> (0x0000000084af4ec0) 
thrown [s\src\hotspot\share\runtime\reflection.cpp, line 1121]
Event: 7.855 Thread 0x00000185f64bbf30 Exception <a 'java/lang/NoSuchMethodError'{0x00000000843053b0}: 'java.lang.Object java.lang.invoke.DirectMethodHandle$Holder.invokeSpecial(java.lang.Object, java.lang.Object, long, java.lang.Object, java.lang.Object, java.lang.Object, java.lang.Object, java.lang.Object, java.lang.Object)'> (0x00000000843053b0) 
thrown [s\src\hotspot\share\interpreter\linkResolver.cpp, line 759]
Event: 7.855 Thread 0x00000185f64bbf30 Exception <a 'java/lang/NoSuchMethodError'{0x0000000084309ed8}: 'java.lang.Object java.lang.invoke.DelegatingMethodHandle$Holder.reinvoke_L(java.lang.Object, long, java.lang.Object, java.lang.Object, java.lang.Object, java.lang.Object, java.lang.Object, java.lang.Object)'> (0x0000000084309ed8) 
thrown [s\src\hotspot\share\interpreter\linkResolver.cpp, line 759]
Event: 7.947 Thread 0x00000185f64bbf30 Exception <a 'java/io/FileNotFoundException'{0x00000000842a67b0}> (0x00000000842a67b0) 
thrown [s\src\hotspot\share\prims\jni.cpp, line 516]
Event: 7.947 Thread 0x00000185f64bbf30 Exception <a 'java/io/FileNotFoundException'{0x00000000842a7a90}> (0x00000000842a7a90) 
thrown [s\src\hotspot\share\prims\jni.cpp, line 516]
Event: 8.034 Thread 0x00000185f64bbf30 Exception <a 'java/lang/NoSuchMethodError'{0x0000000083f17158}: 'int java.lang.invoke.DirectMethodHandle$Holder.invokeInterface(java.lang.Object, java.lang.Object, java.lang.Object, java.lang.Object)'> (0x0000000083f17158) 
thrown [s\src\hotspot\share\interpreter\linkResolver.cpp, line 759]
Event: 8.109 Thread 0x00000185f64bbf30 Exception <a 'java/lang/reflect/InvocationTargetException'{0x000000008958dbf8}> (0x000000008958dbf8) 
thrown [s\src\hotspot\share\runtime\reflection.cpp, line 1121]
Event: 8.188 Thread 0x0000018589558c60 Exception <a 'java/lang/reflect/InvocationTargetException'{0x0000000085301b90}> (0x0000000085301b90) 
thrown [s\src\hotspot\share\runtime\reflection.cpp, line 1121]
Event: 8.226 Thread 0x00000185f64bbf30 Exception <a 'java/lang/NoSuchMethodError'{0x0000000085213630}: 'java.lang.Object java.lang.invoke.DirectMethodHandle$Holder.newInvokeSpecial(java.lang.Object, java.lang.Object, int, java.lang.Object, java.lang.Object)'> (0x0000000085213630) 
thrown [s\src\hotspot\share\interpreter\linkResolver.cpp, line 759]
Event: 8.238 Thread 0x00000185f64bbf30 Exception <a 'java/lang/NoSuchMethodError'{0x0000000085277d38}: 'void java.lang.invoke.DirectMethodHandle$Holder.invokeStatic(java.lang.Object, java.lang.Object, java.lang.Object, int)'> (0x0000000085277d38) 
thrown [s\src\hotspot\share\interpreter\linkResolver.cpp, line 759]
Event: 8.261 Thread 0x00000185f64bbf30 Exception <a 'java/lang/IncompatibleClassChangeError'{0x0000000085162630}: Found class java.lang.Object, but interface was expected> (0x0000000085162630) 
thrown [s\src\hotspot\share\interpreter\linkResolver.cpp, line 826]
Event: 8.373 Thread 0x00000185f64bbf30 Exception <a 'java/lang/NoSuchMethodError'{0x0000000084ca9748}: 'long java.lang.invoke.DirectMethodHandle$Holder.invokeVirtual(java.lang.Object, java.lang.Object)'> (0x0000000084ca9748) 
thrown [s\src\hotspot\share\interpreter\linkResolver.cpp, line 759]
Event: 8.588 Thread 0x00000185f64bbf30 Exception <a 'java/lang/IncompatibleClassChangeError'{0x00000000841a46e0}: Found class java.lang.Object, but interface was expected> (0x00000000841a46e0) 
thrown [s\src\hotspot\share\interpreter\linkResolver.cpp, line 826]
Event: 8.605 Thread 0x00000185f64bbf30 Exception <a 'java/lang/IncompatibleClassChangeError'{0x0000000084060c78}: Found class java.lang.Object, but interface was expected> (0x0000000084060c78) 
thrown [s\src\hotspot\share\interpreter\linkResolver.cpp, line 826]
Event: 8.636 Thread 0x00000185f64bbf30 Exception <a 'java/lang/IncompatibleClassChangeError'{0x0000000083f591b0}: Found class java.lang.Object, but interface was expected> (0x0000000083f591b0) 
thrown [s\src\hotspot\share\interpreter\linkResolver.cpp, line 826]
Event: 8.952 Thread 0x00000185f64bbf30 Exception <a 'java/lang/OutOfMemoryError'{0x0000000084c9bc00}: unable to create native thread: possibly out of memory or process/resource limits reached> (0x0000000084c9bc00) 
thrown [s\src\hotspot\share\prims\jvm.cpp, line 2923]
Event: 8.952 Thread 0x00000185f64bbf30 Exception <a 'java/lang/OutOfMemoryError'{0x0000000084c9bc00}> (0x0000000084c9bc00) 
thrown [s\src\hotspot\share\oops\instanceKlass.cpp, line 1218]
Event: 8.952 Thread 0x00000185f64bbf30 Exception <a 'java/lang/reflect/InvocationTargetException'{0x0000000084c9f1d8}> (0x0000000084c9f1d8) 
thrown [s\src\hotspot\share\runtime\reflection.cpp, line 1121]
Event: 8.962 Thread 0x00000185f64bbf30 Exception <a 'java/lang/NoSuchMethodError'{0x0000000084cf3210}: 'void java.lang.invoke.DirectMethodHandle$Holder.invokeInterface(java.lang.Object, java.lang.Object)'> (0x0000000084cf3210) 
thrown [s\src\hotspot\share\interpreter\linkResolver.cpp, line 759]
Event: 8.974 Thread 0x0000018584f342f0 Exception <a 'java/lang/InterruptedException'{0x0000000084b93280}: sleep interrupted> (0x0000000084b93280) 
thrown [s\src\hotspot\share\prims\jvm.cpp, line 3070]

VM Operations (20 events):
Event: 7.801 Executing VM operation: HandshakeAllThreads
Event: 7.801 Executing VM operation: HandshakeAllThreads done
Event: 7.888 Executing VM operation: HandshakeAllThreads
Event: 7.888 Executing VM operation: HandshakeAllThreads done
Event: 7.930 Executing VM operation: HandshakeAllThreads
Event: 7.930 Executing VM operation: HandshakeAllThreads done
Event: 8.057 Executing VM operation: G1CollectForAllocation
Event: 8.070 Executing VM operation: G1CollectForAllocation done
Event: 8.328 Executing VM operation: HandshakeAllThreads
Event: 8.329 Executing VM operation: HandshakeAllThreads done
Event: 8.329 Executing VM operation: HandshakeAllThreads
Event: 8.329 Executing VM operation: HandshakeAllThreads done
Event: 8.385 Executing VM operation: HandshakeAllThreads
Event: 8.385 Executing VM operation: HandshakeAllThreads done
Event: 8.618 Executing VM operation: HandshakeAllThreads
Event: 8.618 Executing VM operation: HandshakeAllThreads done
Event: 8.651 Executing VM operation: G1CollectForAllocation
Event: 8.655 Executing VM operation: G1CollectForAllocation done
Event: 8.722 Executing VM operation: HandshakeAllThreads
Event: 8.722 Executing VM operation: HandshakeAllThreads done

Events (20 events):
Event: 8.972 loading class com/sun/beans/introspect/ClassInfo done
Event: 8.972 loading class com/sun/beans/introspect/ClassInfo$1
Event: 8.972 loading class com/sun/beans/util/Cache
Event: 8.973 loading class com/sun/beans/util/Cache done
Event: 8.973 loading class com/sun/beans/introspect/ClassInfo$1 done
Event: 8.973 loading class com/sun/beans/util/Cache$Kind
Event: 8.973 loading class com/sun/beans/util/Cache$Kind done
Event: 8.973 loading class com/sun/beans/util/Cache$Kind$1
Event: 8.973 loading class com/sun/beans/util/Cache$Kind$1 done
Event: 8.973 loading class com/sun/beans/util/Cache$Kind$2
Event: 8.973 loading class com/sun/beans/util/Cache$Kind$2 done
Event: 8.973 loading class com/sun/beans/util/Cache$Kind$3
Event: 8.973 loading class com/sun/beans/util/Cache$Kind$3 done
Event: 8.973 loading class com/sun/beans/util/Cache$CacheEntry
Event: 8.973 loading class com/sun/beans/util/Cache$CacheEntry done
Event: 8.973 loading class java/util/WeakHashMap$KeyIterator
Event: 8.973 loading class java/util/WeakHashMap$KeyIterator done
Event: 8.974 Thread 0x0000018584f35b00 Thread exited: 0x0000018584f35b00
Event: 8.974 Thread 0x0000018584f33950 Thread exited: 0x0000018584f33950
Event: 8.974 Thread 0x0000018584f342f0 Thread exited: 0x0000018584f342f0


Dynamic libraries:
0x00007ff77c890000 - 0x00007ff77c89e000 	C:\Users\italo\softwares\sts-4.18.1.RELEASE\plugins\org.eclipse.justj.openjdk.hotspot.jre.full.win32.x86_64_17.0.7.v20230425-1502\jre\bin\javaw.exe
0x00007fff66690000 - 0x00007fff668a7000 	C:\WINDOWS\SYSTEM32\ntdll.dll
0x00007fff644b0000 - 0x00007fff64574000 	C:\WINDOWS\System32\KERNEL32.DLL
0x00007fff63df0000 - 0x00007fff64195000 	C:\WINDOWS\System32\KERNELBASE.dll
0x00007fff641a0000 - 0x00007fff642b1000 	C:\WINDOWS\System32\ucrtbase.dll
0x00007fff56d90000 - 0x00007fff56da9000 	C:\Users\italo\softwares\sts-4.18.1.RELEASE\plugins\org.eclipse.justj.openjdk.hotspot.jre.full.win32.x86_64_17.0.7.v20230425-1502\jre\bin\VCRUNTIME140.dll
0x00007fff32d10000 - 0x00007fff32d27000 	C:\Users\italo\softwares\sts-4.18.1.RELEASE\plugins\org.eclipse.justj.openjdk.hotspot.jre.full.win32.x86_64_17.0.7.v20230425-1502\jre\bin\jli.dll
0x00007fff66080000 - 0x00007fff6622e000 	C:\WINDOWS\System32\USER32.dll
0x00007fff642c0000 - 0x00007fff642e6000 	C:\WINDOWS\System32\win32u.dll
0x00007fff55050000 - 0x00007fff552e3000 	C:\WINDOWS\WinSxS\amd64_microsoft.windows.common-controls_6595b64144ccf1df_6.0.22621.2506_none_270c5ae97388e100\COMCTL32.dll
0x00007fff64de0000 - 0x00007fff64e09000 	C:\WINDOWS\System32\GDI32.dll
0x00007fff64400000 - 0x00007fff644a7000 	C:\WINDOWS\System32\msvcrt.dll
0x00007fff63c10000 - 0x00007fff63d29000 	C:\WINDOWS\System32\gdi32full.dll
0x00007fff63a00000 - 0x00007fff63a9a000 	C:\WINDOWS\System32\msvcp_win.dll
0x00007fff65cc0000 - 0x00007fff65cf1000 	C:\WINDOWS\System32\IMM32.DLL
0x00007fff56d80000 - 0x00007fff56d8c000 	C:\Users\italo\softwares\sts-4.18.1.RELEASE\plugins\org.eclipse.justj.openjdk.hotspot.jre.full.win32.x86_64_17.0.7.v20230425-1502\jre\bin\vcruntime140_1.dll
0x00007ffee45e0000 - 0x00007ffee4671000 	C:\Users\italo\softwares\sts-4.18.1.RELEASE\plugins\org.eclipse.justj.openjdk.hotspot.jre.full.win32.x86_64_17.0.7.v20230425-1502\jre\bin\msvcp140.dll
0x00007ffedf430000 - 0x00007ffee0078000 	C:\Users\italo\softwares\sts-4.18.1.RELEASE\plugins\org.eclipse.justj.openjdk.hotspot.jre.full.win32.x86_64_17.0.7.v20230425-1502\jre\bin\server\jvm.dll
0x00007fff64680000 - 0x00007fff64731000 	C:\WINDOWS\System32\ADVAPI32.dll
0x00007fff64c00000 - 0x00007fff64ca6000 	C:\WINDOWS\System32\sechost.dll
0x00007fff64740000 - 0x00007fff64857000 	C:\WINDOWS\System32\RPCRT4.dll
0x00007fff477b0000 - 0x00007fff477b9000 	C:\WINDOWS\SYSTEM32\WSOCK32.dll
0x00007fff64580000 - 0x00007fff645f1000 	C:\WINDOWS\System32\WS2_32.dll
0x00007fff46a40000 - 0x00007fff46a74000 	C:\WINDOWS\SYSTEM32\WINMM.dll
0x00007fff55700000 - 0x00007fff5570a000 	C:\WINDOWS\SYSTEM32\VERSION.dll
0x00007fff62960000 - 0x00007fff62978000 	C:\WINDOWS\SYSTEM32\kernel.appcore.dll
0x00007fff33ce0000 - 0x00007fff33cea000 	C:\Users\italo\softwares\sts-4.18.1.RELEASE\plugins\org.eclipse.justj.openjdk.hotspot.jre.full.win32.x86_64_17.0.7.v20230425-1502\jre\bin\jimage.dll
0x00007fff60b00000 - 0x00007fff60d33000 	C:\WINDOWS\SYSTEM32\DBGHELP.DLL
0x00007fff64860000 - 0x00007fff64be9000 	C:\WINDOWS\System32\combase.dll
0x00007fff65d00000 - 0x00007fff65dd7000 	C:\WINDOWS\System32\OLEAUT32.dll
0x00007fff56ca0000 - 0x00007fff56cd2000 	C:\WINDOWS\SYSTEM32\dbgcore.DLL
0x00007fff64360000 - 0x00007fff643da000 	C:\WINDOWS\System32\bcryptPrimitives.dll
0x00007ffee39b0000 - 0x00007ffee39d5000 	C:\Users\italo\softwares\sts-4.18.1.RELEASE\plugins\org.eclipse.justj.openjdk.hotspot.jre.full.win32.x86_64_17.0.7.v20230425-1502\jre\bin\java.dll
0x00007ffee3990000 - 0x00007ffee39a8000 	C:\Users\italo\softwares\sts-4.18.1.RELEASE\plugins\org.eclipse.justj.openjdk.hotspot.jre.full.win32.x86_64_17.0.7.v20230425-1502\jre\bin\zip.dll
0x00007fff64f10000 - 0x00007fff65769000 	C:\WINDOWS\System32\SHELL32.dll
0x00007fff618d0000 - 0x00007fff621c4000 	C:\WINDOWS\SYSTEM32\windows.storage.dll
0x00007fff61790000 - 0x00007fff618ce000 	C:\WINDOWS\SYSTEM32\wintypes.dll
0x00007fff64e10000 - 0x00007fff64f03000 	C:\WINDOWS\System32\SHCORE.dll
0x00007fff65c60000 - 0x00007fff65cbe000 	C:\WINDOWS\System32\shlwapi.dll
0x00007fff63930000 - 0x00007fff63956000 	C:\WINDOWS\SYSTEM32\profapi.dll
0x00007ffee3970000 - 0x00007ffee3989000 	C:\Users\italo\softwares\sts-4.18.1.RELEASE\plugins\org.eclipse.justj.openjdk.hotspot.jre.full.win32.x86_64_17.0.7.v20230425-1502\jre\bin\net.dll
0x00007fff589c0000 - 0x00007fff58af7000 	C:\WINDOWS\SYSTEM32\WINHTTP.dll
0x00007fff62e30000 - 0x00007fff62e99000 	C:\WINDOWS\system32\mswsock.dll
0x00007ffee3950000 - 0x00007ffee3965000 	C:\Users\italo\softwares\sts-4.18.1.RELEASE\plugins\org.eclipse.justj.openjdk.hotspot.jre.full.win32.x86_64_17.0.7.v20230425-1502\jre\bin\nio.dll
0x00007fff48650000 - 0x00007fff48659000 	C:\Users\italo\softwares\sts-4.18.1.RELEASE\plugins\org.eclipse.justj.openjdk.hotspot.jre.full.win32.x86_64_17.0.7.v20230425-1502\jre\bin\management.dll
0x00007fff48640000 - 0x00007fff4864b000 	C:\Users\italo\softwares\sts-4.18.1.RELEASE\plugins\org.eclipse.justj.openjdk.hotspot.jre.full.win32.x86_64_17.0.7.v20230425-1502\jre\bin\management_ext.dll
0x00007fff66640000 - 0x00007fff66648000 	C:\WINDOWS\System32\PSAPI.DLL
0x00007fff55550000 - 0x00007fff55567000 	C:\WINDOWS\system32\napinsp.dll
0x00007fff4e660000 - 0x00007fff4e67b000 	C:\WINDOWS\system32\pnrpnsp.dll
0x00007fff624a0000 - 0x00007fff62599000 	C:\WINDOWS\SYSTEM32\DNSAPI.dll
0x00007fff62430000 - 0x00007fff6245d000 	C:\WINDOWS\SYSTEM32\IPHLPAPI.DLL
0x00007fff65770000 - 0x00007fff65779000 	C:\WINDOWS\System32\NSI.dll
0x00007fff49fb0000 - 0x00007fff49fc1000 	C:\WINDOWS\System32\winrnr.dll
0x00007fff57c80000 - 0x00007fff57c95000 	C:\WINDOWS\system32\wshbth.dll
0x00007fff24080000 - 0x00007fff240a1000 	C:\WINDOWS\system32\nlansp_c.dll
0x00007fff55b50000 - 0x00007fff55b5a000 	C:\Windows\System32\rasadhlp.dll
0x00007fff56f20000 - 0x00007fff56fa3000 	C:\WINDOWS\System32\fwpuclnt.dll
0x00007fff63080000 - 0x00007fff6309b000 	C:\WINDOWS\SYSTEM32\CRYPTSP.dll
0x00007fff62920000 - 0x00007fff62955000 	C:\WINDOWS\system32\rsaenh.dll
0x00007fff62ed0000 - 0x00007fff62efc000 	C:\WINDOWS\SYSTEM32\USERENV.dll
0x00007fff632c0000 - 0x00007fff632e8000 	C:\WINDOWS\SYSTEM32\bcrypt.dll
0x00007fff63040000 - 0x00007fff6304c000 	C:\WINDOWS\SYSTEM32\CRYPTBASE.dll
0x00007fff57df0000 - 0x00007fff57e09000 	C:\WINDOWS\SYSTEM32\dhcpcsvc6.DLL
0x00007fff57d80000 - 0x00007fff57d9f000 	C:\WINDOWS\SYSTEM32\dhcpcsvc.DLL
0x00007fff59c20000 - 0x00007fff59c2e000 	C:\Users\italo\softwares\sts-4.18.1.RELEASE\plugins\org.eclipse.justj.openjdk.hotspot.jre.full.win32.x86_64_17.0.7.v20230425-1502\jre\bin\sunmscapi.dll
0x00007fff63aa0000 - 0x00007fff63c06000 	C:\WINDOWS\System32\CRYPT32.dll
0x00007fff63290000 - 0x00007fff632bd000 	C:\WINDOWS\SYSTEM32\ncrypt.dll
0x00007fff63250000 - 0x00007fff63287000 	C:\WINDOWS\SYSTEM32\NTASN1.dll

dbghelp: loaded successfully - version: 4.0.5 - missing functions: none
symbol engine: initialized successfully - sym options: 0x614 - pdb path: .;C:\Users\italo\softwares\sts-4.18.1.RELEASE\plugins\org.eclipse.justj.openjdk.hotspot.jre.full.win32.x86_64_17.0.7.v20230425-1502\jre\bin;C:\WINDOWS\SYSTEM32;C:\WINDOWS\WinSxS\amd64_microsoft.windows.common-controls_6595b64144ccf1df_6.0.22621.2506_none_270c5ae97388e100;C:\Users\italo\softwares\sts-4.18.1.RELEASE\plugins\org.eclipse.justj.openjdk.hotspot.jre.full.win32.x86_64_17.0.7.v20230425-1502\jre\bin\server

VM Arguments:
jvm_args: -Dcom.sun.management.jmxremote -Dcom.sun.management.jmxremote.port=50938 -Dcom.sun.management.jmxremote.authenticate=false -Dcom.sun.management.jmxremote.ssl=false -Djava.rmi.server.hostname=localhost -Dspring.jmx.enabled=true -Dmanagement.endpoints.jmx.exposure.include=* -Dspring.application.admin.enabled=true -XX:TieredStopAtLevel=1 -Dspring.boot.project.name=sisbanco-trans-reg -Dfile.encoding=UTF-8 -XX:+ShowCodeDetailsInExceptionMessages 
java_command: italo.sisbanco.trans.reg.SisbancoTransRegApplication --spring.output.ansi.enabled=always
java_class_path (initial): C:\Users\italo\workspace-sts\sisbanco\sisbanco-trans-reg\target\classes;C:\Users\italo\workspace-sts\sisbanco\sisbanco-shared\target\classes;C:\Users\italo\.m2\repository\org\springframework\boot\spring-boot-starter-data-redis\3.2.0\spring-boot-starter-data-redis-3.2.0.jar;C:\Users\italo\.m2\repository\org\springframework\boot\spring-boot-starter\3.2.0\spring-boot-starter-3.2.0.jar;C:\Users\italo\.m2\repository\org\springframework\boot\spring-boot\3.2.0\spring-boot-3.2.0.jar;C:\Users\italo\.m2\repository\org\springframework\boot\spring-boot-autoconfigure\3.2.0\spring-boot-autoconfigure-3.2.0.jar;C:\Users\italo\.m2\repository\org\springframework\boot\spring-boot-starter-logging\3.2.0\spring-boot-starter-logging-3.2.0.jar;C:\Users\italo\.m2\repository\ch\qos\logback\logback-classic\1.4.11\logback-classic-1.4.11.jar;C:\Users\italo\.m2\repository\ch\qos\logback\logback-core\1.4.11\logback-core-1.4.11.jar;C:\Users\italo\.m2\repository\org\apache\logging\log4j\log4j-to-slf4j\2.21.1\log4j-to-slf4j-2.21.1.jar;C:\Users\italo\.m2\repository\org\apache\logging\log4j\log4j-api\2.21.1\log4j-api-2.21.1.jar;C:\Users\italo\.m2\repository\org\slf4j\jul-to-slf4j\2.0.9\jul-to-slf4j-2.0.9.jar;C:\Users\italo\.m2\repository\jakarta\annotation\jakarta.annotation-api\2.1.1\jakarta.annotation-api-2.1.1.jar;C:\Users\italo\.m2\repository\org\yaml\snakeyaml\2.2\snakeyaml-2.2.jar;C:\Users\italo\.m2\repository\io\lettuce\lettuce-core\6.3.0.RELEASE\lettuce-core-6.3.0.RELEASE.jar;C:\Users\italo\.m2\repository\io\netty\netty-common\4.1.101.Final\netty-common-4.1.101.Final.jar;C:\Users\italo\.m2\repository\io\netty\netty-handler\4.1.101.Final\netty-handler-4.1.101.Final.jar;C:\Users\italo\.m2\repository\io\netty\netty-resolver\4.1.101.Final\netty-resolver-4.1.101.Final.jar;C:\Users\italo\.m2\repository\io\netty\netty-buffer\4.1.101.Final\netty-buffer-4.1.101.Final.jar;C:\Users\italo\.m2\repository\io\netty\netty-transport-native-unix-common\4.1.101.Final\netty-transport-
Launcher Type: SUN_STANDARD

[Global flags]
     intx CICompilerCount                          = 4                                         {product} {ergonomic}
     uint ConcGCThreads                            = 2                                         {product} {ergonomic}
     uint G1ConcRefinementThreads                  = 8                                         {product} {ergonomic}
   size_t G1HeapRegionSize                         = 1048576                                   {product} {ergonomic}
    uintx GCDrainStackTargetSize                   = 64                                        {product} {ergonomic}
   size_t InitialHeapSize                          = 134217728                                 {product} {ergonomic}
     bool ManagementServer                         = true                                      {product} {command line}
   size_t MarkStackSize                            = 4194304                                   {product} {ergonomic}
   size_t MaxHeapSize                              = 2116026368                                {product} {ergonomic}
   size_t MaxNewSize                               = 1268776960                                {product} {ergonomic}
   size_t MinHeapDeltaBytes                        = 1048576                                   {product} {ergonomic}
   size_t MinHeapSize                              = 8388608                                   {product} {ergonomic}
    uintx NonProfiledCodeHeapSize                  = 0                                      {pd product} {ergonomic}
     bool ProfileInterpreter                       = false                                  {pd product} {command line}
    uintx ProfiledCodeHeapSize                     = 0                                      {pd product} {ergonomic}
     bool ShowCodeDetailsInExceptionMessages       = true                                   {manageable} {command line}
   size_t SoftMaxHeapSize                          = 2116026368                             {manageable} {ergonomic}
     intx TieredStopAtLevel                        = 1                                         {product} {command line}
     bool UseCompressedClassPointers               = true                           {product lp64_product} {ergonomic}
     bool UseCompressedOops                        = true                           {product lp64_product} {ergonomic}
     bool UseG1GC                                  = true                                      {product} {ergonomic}
     bool UseLargePagesIndividualAllocation        = false                                  {pd product} {ergonomic}

Logging:
Log output configuration:
 #0: stdout all=warning uptime,level,tags
 #1: stderr all=off uptime,level,tags

Environment Variables:
JAVA_HOME=C:\Users\italo\softwares\jdk-20.0.1
CLASSPATH=C:\Users\italo\softwares\jdk-20.0.1
PATH=C:/Users/italo/softwares/sts-4.18.1.RELEASE//plugins/org.eclipse.justj.openjdk.hotspot.jre.full.win32.x86_64_17.0.7.v20230425-1502/jre/bin/server;C:/Users/italo/softwares/sts-4.18.1.RELEASE//plugins/org.eclipse.justj.openjdk.hotspot.jre.full.win32.x86_64_17.0.7.v20230425-1502/jre/bin;C:\Program Files\Common Files\Oracle\Java\javapath;C:\WINDOWS\system32;C:\WINDOWS;C:\WINDOWS\System32\Wbem;C:\WINDOWS\System32\WindowsPowerShell\v1.0\;C:\WINDOWS\System32\OpenSSH\;C:\Program Files\nodejs\;C:\Program Files\Git\cmd;C:\Program Files\PuTTY\;C:\Program Files\Docker\Docker\resources\bin;C:\Users\italo\AppData\Local\Microsoft\WindowsApps;C:\Users\italo\AppData\Roaming\npm;C:\Users\italo\AppData\Local\Programs\Microsoft VS Code\bin;C:\Program Files\PostgreSQL\15\bin;C:\Users\italo\softwares\curl-8.0.1_8-win64-mingw\bin;C:\Users\italo\softwares\jdk-20.0.1\bin;C:\Program Files\CodeBlocks\MinGW\bin;C:\Users\italo\softwares\julia-1.9.3\bin;C:\Users\italo\softwares\apache-maven-3.8.8\bin;;C:\Users\italo\softwares\sts-4.18.1.RELEASE;
USERNAME=italo
OS=Windows_NT
PROCESSOR_IDENTIFIER=Intel64 Family 6 Model 142 Stepping 12, GenuineIntel
TMP=C:\Users\italo\AppData\Local\Temp
TEMP=C:\Users\italo\AppData\Local\Temp



---------------  S Y S T E M  ---------------

OS:
 Windows 11 , 64 bit Build 22621 (10.0.22621.2506)
OS uptime: 8 days 13:22 hours
Hyper-V role detected

CPU: total 8 (initial active 8) (4 cores per cpu, 2 threads per core) family 6 model 142 stepping 12 microcode 0xf8, cx8, cmov, fxsr, ht, mmx, 3dnowpref, sse, sse2, sse3, ssse3, sse4.1, sse4.2, popcnt, lzcnt, tsc, tscinvbit, avx, avx2, aes, erms, clmul, bmi1, bmi2, adx, fma, vzeroupper, clflush, clflushopt, hv

Memory: 4k page, system-wide physical 8066M (1010M free)
TotalPageFile size 20750M (AvailPageFile size 48M)
current process WorkingSet (physical memory assigned to process): 172M, peak: 172M
current process commit charge ("private bytes"): 205M, peak: 232M

vm_info: OpenJDK 64-Bit Server VM (17.0.7+7) for windows-amd64 JRE (17.0.7+7), built on Apr 18 2023 22:10:42 by "temurin" with MS VC++ 16.7 (VS2019)

END.
